<?xml version="1.0" encoding="UTF-8"?>
<testsuite xmlns:xsi="http://www.w3.org/2001/XMLSchema-instance" xsi:noNamespaceSchemaLocation="https://maven.apache.org/surefire/maven-surefire-plugin/xsd/surefire-test-report.xsd" name="TestSuite" time="5.262" tests="3" errors="0" skipped="2" failures="1">
  <properties>
[...]
</properties>
  <testcase name="setup" classname="tests.profile.staging.SetRealityCheck" time="0.922">
    <failure message="java.lang.NullPointerException: Cannot invoke &quot;String.equals(Object)&quot; because the return value of &quot;config.AppConfig.getEnvironment()&quot; is null" type="java.lang.RuntimeException">java.lang.RuntimeException: java.lang.NullPointerException: Cannot invoke "String.equals(Object)" because the return value of "config.AppConfig.getEnvironment()" is null
Caused by: java.lang.NullPointerException: Cannot invoke "String.equals(Object)" because the return value of "config.AppConfig.getEnvironment()" is null
</failure>
    <system-out><![CDATA[11:23:06.997 [main] INFO com.epam.reportportal.service.Launch - Not rerun!
11:23:07.425 [TestNG-tests-1] WARN  utils.Log - BASE_URLnull
11:23:07.429 [TestNG-tests-1] WARN  utils.Log - ENVIRONMENT_NAME null
]]></system-out>
    <system-err><![CDATA[log4j:WARN No appenders could be found for logger (rp.org.apache.http.client.protocol.RequestAddCookies).
log4j:WARN Please initialize the log4j system properly.
log4j:WARN See http://logging.apache.org/log4j/1.2/faq.html#noconfig for more info.
]]></system-err>
  </testcase>
  <testcase name="setRealityCheck" classname="tests.profile.staging.SetRealityCheck" time="0">
    <skipped message="java.lang.NullPointerException: Cannot invoke &quot;String.equals(Object)&quot; because the return value of &quot;config.AppConfig.getEnvironment()&quot; is null"/>
    <system-out><![CDATA[11:23:07.444 [TestNG-tests-1] INFO  utils.Log - ## setRealityCheck test method skipped.
]]></system-out>
  </testcase>
  <testcase name="screenShot" classname="tests.profile.staging.SetRealityCheck" time="0">
    <skipped/>
  </testcase>
</testsuite>