<?xml version="1.0" encoding="UTF-8"?>
<!-- Generated by org.testng.reporters.JUnitXMLReporter -->
<testsuite ignored="0" hostname="nantonya1120" failures="0" tests="1" name="Sample" time="0.327" errors="0" timestamp="31 Mar 2021 07:23:07 GMT">
  <testcase classname="tests.BaseTest" name="@BeforeClass setup" time="0.305">
    <failure type="java.lang.RuntimeException" message="java.lang.NullPointerException: Cannot invoke &amp;quot;String.equals(Object)&amp;quot; because the return value of &amp;quot;config.AppConfig.getEnvironment()&amp;quot; is null">
      <![CDATA[java.lang.RuntimeException: java.lang.NullPointerException: Cannot invoke "String.equals(Object)" because the return value of "config.AppConfig.getEnvironment()" is null
at helper.Factory.createWebDriver(Factory.java:34)
at tests.BaseTest.setup(BaseTest.java:65)
at java.base/java.util.concurrent.FutureTask.run(FutureTask.java:264)
at java.base/java.util.concurrent.ThreadPoolExecutor.runWorker(ThreadPoolExecutor.java:1130)
at java.base/java.util.concurrent.ThreadPoolExecutor$Worker.run(ThreadPoolExecutor.java:630)
at java.base/java.lang.Thread.run(Thread.java:832)
Caused by: java.lang.NullPointerException: Cannot invoke "String.equals(Object)" because the return value of "config.AppConfig.getEnvironment()" is null
at helper.Factory.createWebDriver(Factory.java:21)
... 22 more
... Removed 17 stack frames]]>
    </failure>
  </testcase> <!-- @BeforeClass setup -->
  <testcase classname="tests.BaseTest" name="@AfterMethod screenShot" time="0.0">
    <skipped/>
  </testcase> <!-- @AfterMethod screenShot -->
  <testcase classname="tests.profile.staging.SetRealityCheck" name="setRealityCheck" time="0.0">
    <skipped/>
  </testcase> <!-- setRealityCheck -->
</testsuite> <!-- Sample -->
